<?xml version="1.0" encoding="UTF-8"?>
<!-- Generated by org.testng.reporters.JUnitReportReporter -->
<testsuite hostname="DESKTOP-HV832U5" failures="0" tests="1" name="Team05.test.US_15" time="98.298" errors="0" timestamp="2023-05-20T21:30:29 EET" skipped="0">
  <testcase classname="Team05.test.US_15" name="test03" time="98.298"/>
  <system-out/>
</testsuite> <!-- Team05.test.US_15 -->
